<?xml version="1.0" encoding="UTF-8"?>
<!-- Generated by org.testng.reporters.JUnitReportReporter -->
<testsuite hostname="DEV-AK-2777-LAP" failures="0" tests="1" name="org.testcases.PractiseTest" time="27.768" errors="0" timestamp="2024-03-19T23:28:02 IST" skipped="0">
  <testcase classname="org.testcases.PractiseTest" name="TestCase1" time="27.768"/>
</testsuite> <!-- org.testcases.PractiseTest -->
