<?xml version="1.0" encoding="UTF-8"?>
<!-- Generated by org.testng.reporters.JUnitReportReporter -->
<testsuite hostname="DEV-AK-2777-LAP" failures="0" tests="1" name="org.testcases.TestCase_BuyPage" time="93.243" errors="0" timestamp="2024-03-26T01:40:33 IST" skipped="0">
  <testcase classname="org.testcases.TestCase_BuyPage" name="Buy" time="93.243"/>
  <system-out/>
</testsuite> <!-- org.testcases.TestCase_BuyPage -->
