<?xml version="1.0" encoding="UTF-8"?>
<!-- Generated by org.testng.reporters.JUnitReportReporter -->
<testsuite hostname="DEV-AK-2777-LAP" failures="0" tests="1" name="org.testcases.EnquiryFormTest" time="68.691" errors="0" timestamp="2024-03-24T14:21:21 IST" skipped="0">
  <testcase classname="org.testcases.EnquiryFormTest" name="TestCase" time="68.691"/>
  <system-out/>
</testsuite> <!-- org.testcases.EnquiryFormTest -->
