<?xml version="1.0" encoding="UTF-8"?>
<!-- Generated by org.testng.reporters.JUnitReportReporter -->
<testsuite hostname="DEV-AK-2777-LAP" failures="0" tests="1" name="org.testcases.TestCase_HeaderMenu" time="75.685" errors="0" timestamp="2024-03-25T15:40:36 IST" skipped="0">
  <testcase classname="org.testcases.TestCase_HeaderMenu" name="header" time="75.685"/>
  <system-out/>
</testsuite> <!-- org.testcases.TestCase_HeaderMenu -->
