<?xml version="1.0" encoding="UTF-8"?>
<!-- Generated by org.testng.reporters.JUnitReportReporter -->
<testsuite hostname="DEV-AK-2777-LAP" failures="0" tests="1" name="org.testcases.TestCase_SellPage" time="61.347" errors="0" timestamp="2024-03-25T15:53:50 IST" skipped="0">
  <testcase classname="org.testcases.TestCase_SellPage" name="sell" time="61.347"/>
  <system-out/>
</testsuite> <!-- org.testcases.TestCase_SellPage -->
